This file contains any messages produced by compilers while
running configure, to aid debugging if configure makes a mistake.

It was created by openbts configure 2.6.0Mamou, which was
generated by GNU Autoconf 2.60.  Invocation command line was

  $ ./configure 

## --------- ##
## Platform. ##
## --------- ##

hostname = mostafa-desktop
uname -m = i686
uname -r = 2.6.31-23-generic-pae
uname -s = Linux
uname -v = #75-Ubuntu SMP Fri Mar 18 19:14:10 UTC 2011

/usr/bin/uname -p = unknown
/bin/uname -X     = unknown

/bin/arch              = unknown
/usr/bin/arch -k       = unknown
/usr/convex/getsysinfo = unknown
/usr/bin/hostinfo      = unknown
/bin/machine           = unknown
/usr/bin/oslevel       = unknown
/bin/universe          = unknown

PATH: /usr/local/sbin
PATH: /usr/local/bin
PATH: /usr/sbin
PATH: /usr/bin
PATH: /sbin
PATH: /bin
PATH: /usr/games


## ----------- ##
## Core tests. ##
## ----------- ##

configure:1989: checking build system type
configure:2007: result: i686-pc-linux-gnu
configure:2029: checking host system type
configure:2044: result: i686-pc-linux-gnu
configure:2066: checking target system type
configure:2081: result: i686-pc-linux-gnu
configure:2124: checking for a BSD-compatible install
configure:2180: result: /usr/bin/install -c
configure:2191: checking whether build environment is sane
configure:2234: result: yes
configure:2299: checking for gawk
configure:2329: result: no
configure:2299: checking for mawk
configure:2315: found /usr/bin/mawk
configure:2326: result: mawk
configure:2337: checking whether make sets $(MAKE)
configure:2358: result: yes
configure:2555: checking for style of include used by make
configure:2583: result: GNU
configure:2656: checking for gcc
configure:2672: found /usr/bin/gcc
configure:2683: result: gcc
configure:2921: checking for C compiler version
configure:2928: gcc --version >&5
gcc (Ubuntu 4.4.1-4ubuntu9) 4.4.1
Copyright (C) 2009 Free Software Foundation, Inc.
This is free software; see the source for copying conditions.  There is NO
warranty; not even for MERCHANTABILITY or FITNESS FOR A PARTICULAR PURPOSE.

configure:2931: $? = 0
configure:2938: gcc -v >&5
Using built-in specs.
Target: i486-linux-gnu
Configured with: ../src/configure -v --with-pkgversion='Ubuntu 4.4.1-4ubuntu9' --with-bugurl=file:///usr/share/doc/gcc-4.4/README.Bugs --enable-languages=c,c++,fortran,objc,obj-c++ --prefix=/usr --enable-shared --enable-multiarch --enable-linker-build-id --with-system-zlib --libexecdir=/usr/lib --without-included-gettext --enable-threads=posix --with-gxx-include-dir=/usr/include/c++/4.4 --program-suffix=-4.4 --enable-nls --enable-clocale=gnu --enable-libstdcxx-debug --enable-objc-gc --enable-targets=all --disable-werror --with-arch-32=i486 --with-tune=generic --enable-checking=release --build=i486-linux-gnu --host=i486-linux-gnu --target=i486-linux-gnu
Thread model: posix
gcc version 4.4.1 (Ubuntu 4.4.1-4ubuntu9) 
configure:2941: $? = 0
configure:2948: gcc -V >&5
gcc: '-V' option must have argument
configure:2951: $? = 1
configure:2974: checking for C compiler default output file name
configure:3001: gcc    conftest.c  >&5
configure:3004: $? = 0
configure:3050: result: a.out
configure:3055: checking whether the C compiler works
configure:3065: ./a.out
configure:3068: $? = 0
configure:3085: result: yes
configure:3092: checking whether we are cross compiling
configure:3094: result: no
configure:3097: checking for suffix of executables
configure:3104: gcc -o conftest    conftest.c  >&5
configure:3107: $? = 0
configure:3131: result: 
configure:3137: checking for suffix of object files
configure:3163: gcc -c   conftest.c >&5
configure:3166: $? = 0
configure:3189: result: o
configure:3193: checking whether we are using the GNU C compiler
configure:3222: gcc -c   conftest.c >&5
configure:3228: $? = 0
configure:3235: test -z "$ac_c_werror_flag" || test ! -s conftest.err
configure:3238: $? = 0
configure:3245: test -s conftest.o
configure:3248: $? = 0
configure:3262: result: yes
configure:3267: checking whether gcc accepts -g
configure:3297: gcc -c -g  conftest.c >&5
configure:3303: $? = 0
configure:3310: test -z "$ac_c_werror_flag" || test ! -s conftest.err
configure:3313: $? = 0
configure:3320: test -s conftest.o
configure:3323: $? = 0
configure:3453: result: yes
configure:3470: checking for gcc option to accept ISO C89
configure:3544: gcc  -c -g -O2  conftest.c >&5
configure:3550: $? = 0
configure:3557: test -z "$ac_c_werror_flag" || test ! -s conftest.err
configure:3560: $? = 0
configure:3567: test -s conftest.o
configure:3570: $? = 0
configure:3590: result: none needed
configure:3610: checking dependency style of gcc
configure:3700: result: gcc3
configure:3782: checking for g++
configure:3798: found /usr/bin/g++
configure:3809: result: g++
configure:3840: checking for C++ compiler version
configure:3847: g++ --version >&5
g++ (Ubuntu 4.4.1-4ubuntu9) 4.4.1
Copyright (C) 2009 Free Software Foundation, Inc.
This is free software; see the source for copying conditions.  There is NO
warranty; not even for MERCHANTABILITY or FITNESS FOR A PARTICULAR PURPOSE.

configure:3850: $? = 0
configure:3857: g++ -v >&5
Using built-in specs.
Target: i486-linux-gnu
Configured with: ../src/configure -v --with-pkgversion='Ubuntu 4.4.1-4ubuntu9' --with-bugurl=file:///usr/share/doc/gcc-4.4/README.Bugs --enable-languages=c,c++,fortran,objc,obj-c++ --prefix=/usr --enable-shared --enable-multiarch --enable-linker-build-id --with-system-zlib --libexecdir=/usr/lib --without-included-gettext --enable-threads=posix --with-gxx-include-dir=/usr/include/c++/4.4 --program-suffix=-4.4 --enable-nls --enable-clocale=gnu --enable-libstdcxx-debug --enable-objc-gc --enable-targets=all --disable-werror --with-arch-32=i486 --with-tune=generic --enable-checking=release --build=i486-linux-gnu --host=i486-linux-gnu --target=i486-linux-gnu
Thread model: posix
gcc version 4.4.1 (Ubuntu 4.4.1-4ubuntu9) 
configure:3860: $? = 0
configure:3867: g++ -V >&5
g++: '-V' option must have argument
configure:3870: $? = 1
configure:3873: checking whether we are using the GNU C++ compiler
configure:3902: g++ -c   conftest.cpp >&5
configure:3908: $? = 0
configure:3915: test -z "$ac_cxx_werror_flag" || test ! -s conftest.err
configure:3918: $? = 0
configure:3925: test -s conftest.o
configure:3928: $? = 0
configure:3942: result: yes
configure:3947: checking whether g++ accepts -g
configure:3977: g++ -c -g  conftest.cpp >&5
configure:3983: $? = 0
configure:3990: test -z "$ac_cxx_werror_flag" || test ! -s conftest.err
configure:3993: $? = 0
configure:4000: test -s conftest.o
configure:4003: $? = 0
configure:4133: result: yes
configure:4158: checking dependency style of g++
configure:4248: result: gcc3
configure:4265: checking whether ln -s works
configure:4269: result: yes
configure:4276: checking whether make sets $(MAKE)
configure:4297: result: yes
configure:4319: checking for a BSD-compatible install
configure:4375: result: /usr/bin/install -c
configure:4388: checking for rm
configure:4406: found /bin/rm
configure:4418: result: /bin/rm
configure:4500: checking for a sed that does not truncate output
configure:4554: result: /bin/sed
configure:4557: checking for grep that handles long lines and -e
configure:4631: result: /bin/grep
configure:4636: checking for egrep
configure:4714: result: /bin/grep -E
configure:4730: checking for ld used by gcc
configure:4797: result: /usr/bin/ld
configure:4806: checking if the linker (/usr/bin/ld) is GNU ld
configure:4821: result: yes
configure:4826: checking for /usr/bin/ld option to reload object files
configure:4833: result: -r
configure:4851: checking for BSD-compatible nm
configure:4893: result: /usr/bin/nm -B
configure:4897: checking how to recognise dependent libraries
configure:5069: result: pass_all
configure:5586: checking how to run the C preprocessor
configure:5626: gcc -E  conftest.c
configure:5632: $? = 0
configure:5670: gcc -E  conftest.c
conftest.c:10:28: error: ac_nonexistent.h: No such file or directory
configure:5676: $? = 1
configure: failed program was:
| /* confdefs.h.  */
| #define PACKAGE_NAME "openbts"
| #define PACKAGE_TARNAME "openbts"
| #define PACKAGE_VERSION "2.6.0Mamou"
| #define PACKAGE_STRING "openbts 2.6.0Mamou"
| #define PACKAGE_BUGREPORT ""
| #define PACKAGE "openbts"
| #define VERSION "2.6.0Mamou"
| /* end confdefs.h.  */
| #include <ac_nonexistent.h>
configure:5716: result: gcc -E
configure:5745: gcc -E  conftest.c
configure:5751: $? = 0
configure:5789: gcc -E  conftest.c
conftest.c:10:28: error: ac_nonexistent.h: No such file or directory
configure:5795: $? = 1
configure: failed program was:
| /* confdefs.h.  */
| #define PACKAGE_NAME "openbts"
| #define PACKAGE_TARNAME "openbts"
| #define PACKAGE_VERSION "2.6.0Mamou"
| #define PACKAGE_STRING "openbts 2.6.0Mamou"
| #define PACKAGE_BUGREPORT ""
| #define PACKAGE "openbts"
| #define VERSION "2.6.0Mamou"
| /* end confdefs.h.  */
| #include <ac_nonexistent.h>
configure:5840: checking for ANSI C header files
configure:5870: gcc -c -g -O2  conftest.c >&5
configure:5876: $? = 0
configure:5883: test -z "$ac_c_werror_flag" || test ! -s conftest.err
configure:5886: $? = 0
configure:5893: test -s conftest.o
configure:5896: $? = 0
configure:5992: gcc -o conftest -g -O2   conftest.c  >&5
configure:5995: $? = 0
configure:6001: ./conftest
configure:6004: $? = 0
configure:6021: result: yes
configure:6045: checking for sys/types.h
configure:6066: gcc -c -g -O2  conftest.c >&5
configure:6072: $? = 0
configure:6079: test -z "$ac_c_werror_flag" || test ! -s conftest.err
configure:6082: $? = 0
configure:6089: test -s conftest.o
configure:6092: $? = 0
configure:6105: result: yes
configure:6045: checking for sys/stat.h
configure:6066: gcc -c -g -O2  conftest.c >&5
configure:6072: $? = 0
configure:6079: test -z "$ac_c_werror_flag" || test ! -s conftest.err
configure:6082: $? = 0
configure:6089: test -s conftest.o
configure:6092: $? = 0
configure:6105: result: yes
configure:6045: checking for stdlib.h
configure:6066: gcc -c -g -O2  conftest.c >&5
configure:6072: $? = 0
configure:6079: test -z "$ac_c_werror_flag" || test ! -s conftest.err
configure:6082: $? = 0
configure:6089: test -s conftest.o
configure:6092: $? = 0
configure:6105: result: yes
configure:6045: checking for string.h
configure:6066: gcc -c -g -O2  conftest.c >&5
configure:6072: $? = 0
configure:6079: test -z "$ac_c_werror_flag" || test ! -s conftest.err
configure:6082: $? = 0
configure:6089: test -s conftest.o
configure:6092: $? = 0
configure:6105: result: yes
configure:6045: checking for memory.h
configure:6066: gcc -c -g -O2  conftest.c >&5
configure:6072: $? = 0
configure:6079: test -z "$ac_c_werror_flag" || test ! -s conftest.err
configure:6082: $? = 0
configure:6089: test -s conftest.o
configure:6092: $? = 0
configure:6105: result: yes
configure:6045: checking for strings.h
configure:6066: gcc -c -g -O2  conftest.c >&5
configure:6072: $? = 0
configure:6079: test -z "$ac_c_werror_flag" || test ! -s conftest.err
configure:6082: $? = 0
configure:6089: test -s conftest.o
configure:6092: $? = 0
configure:6105: result: yes
configure:6045: checking for inttypes.h
configure:6066: gcc -c -g -O2  conftest.c >&5
configure:6072: $? = 0
configure:6079: test -z "$ac_c_werror_flag" || test ! -s conftest.err
configure:6082: $? = 0
configure:6089: test -s conftest.o
configure:6092: $? = 0
configure:6105: result: yes
configure:6045: checking for stdint.h
configure:6066: gcc -c -g -O2  conftest.c >&5
configure:6072: $? = 0
configure:6079: test -z "$ac_c_werror_flag" || test ! -s conftest.err
configure:6082: $? = 0
configure:6089: test -s conftest.o
configure:6092: $? = 0
configure:6105: result: yes
configure:6045: checking for unistd.h
configure:6066: gcc -c -g -O2  conftest.c >&5
configure:6072: $? = 0
configure:6079: test -z "$ac_c_werror_flag" || test ! -s conftest.err
configure:6082: $? = 0
configure:6089: test -s conftest.o
configure:6092: $? = 0
configure:6105: result: yes
configure:6132: checking dlfcn.h usability
configure:6149: gcc -c -g -O2  conftest.c >&5
configure:6155: $? = 0
configure:6162: test -z "$ac_c_werror_flag" || test ! -s conftest.err
configure:6165: $? = 0
configure:6172: test -s conftest.o
configure:6175: $? = 0
configure:6186: result: yes
configure:6190: checking dlfcn.h presence
configure:6205: gcc -E  conftest.c
configure:6211: $? = 0
configure:6232: result: yes
configure:6260: checking for dlfcn.h
configure:6268: result: yes
configure:6291: checking how to run the C++ preprocessor
configure:6327: g++ -E  conftest.cpp
configure:6333: $? = 0
configure:6371: g++ -E  conftest.cpp
conftest.cpp:21:28: error: ac_nonexistent.h: No such file or directory
configure:6377: $? = 1
configure: failed program was:
| /* confdefs.h.  */
| #define PACKAGE_NAME "openbts"
| #define PACKAGE_TARNAME "openbts"
| #define PACKAGE_VERSION "2.6.0Mamou"
| #define PACKAGE_STRING "openbts 2.6.0Mamou"
| #define PACKAGE_BUGREPORT ""
| #define PACKAGE "openbts"
| #define VERSION "2.6.0Mamou"
| #define STDC_HEADERS 1
| #define HAVE_SYS_TYPES_H 1
| #define HAVE_SYS_STAT_H 1
| #define HAVE_STDLIB_H 1
| #define HAVE_STRING_H 1
| #define HAVE_MEMORY_H 1
| #define HAVE_STRINGS_H 1
| #define HAVE_INTTYPES_H 1
| #define HAVE_STDINT_H 1
| #define HAVE_UNISTD_H 1
| #define HAVE_DLFCN_H 1
| /* end confdefs.h.  */
| #include <ac_nonexistent.h>
configure:6417: result: g++ -E
configure:6446: g++ -E  conftest.cpp
configure:6452: $? = 0
configure:6490: g++ -E  conftest.cpp
conftest.cpp:21:28: error: ac_nonexistent.h: No such file or directory
configure:6496: $? = 1
configure: failed program was:
| /* confdefs.h.  */
| #define PACKAGE_NAME "openbts"
| #define PACKAGE_TARNAME "openbts"
| #define PACKAGE_VERSION "2.6.0Mamou"
| #define PACKAGE_STRING "openbts 2.6.0Mamou"
| #define PACKAGE_BUGREPORT ""
| #define PACKAGE "openbts"
| #define VERSION "2.6.0Mamou"
| #define STDC_HEADERS 1
| #define HAVE_SYS_TYPES_H 1
| #define HAVE_SYS_STAT_H 1
| #define HAVE_STDLIB_H 1
| #define HAVE_STRING_H 1
| #define HAVE_MEMORY_H 1
| #define HAVE_STRINGS_H 1
| #define HAVE_INTTYPES_H 1
| #define HAVE_STDINT_H 1
| #define HAVE_UNISTD_H 1
| #define HAVE_DLFCN_H 1
| /* end confdefs.h.  */
| #include <ac_nonexistent.h>
configure:6596: checking for g77
configure:6626: result: no
configure:6596: checking for f77
configure:6612: found /usr/bin/f77
configure:6623: result: f77
configure:6653: checking for Fortran 77 compiler version
configure:6660: f77 --version >&5
/usr/bin/f77: Illegal option: --version
configure:6663: $? = 255
configure:6670: f77 -v >&5
/usr/bin/f77: fort77 Version 1.15
/usr/bin/f77: No input files specified
configure:6673: $? = 255
configure:6680: f77 -V >&5
/usr/bin/f77 : Missing argument to "-V"
configure:6683: $? = 255
configure:6691: checking whether we are using the GNU Fortran 77 compiler
configure:6710: f77 -c  conftest.F >&5
   MAIN main:
configure:6716: $? = 0
configure:6723: test -z "$ac_f77_werror_flag" || test ! -s conftest.err
configure:6726: $? = 0
configure:6733: test -s conftest.o
configure:6736: $? = 0
configure:6750: result: yes
configure:6756: checking whether f77 accepts -g
configure:6773: f77 -c -g conftest.f >&5
   MAIN main:
configure:6779: $? = 0
configure:6786: test -z "$ac_f77_werror_flag" || test ! -s conftest.err
configure:6789: $? = 0
configure:6796: test -s conftest.o
configure:6799: $? = 0
configure:6812: result: yes
configure:6842: checking the maximum length of command line arguments
configure:6921: result: 32768
configure:6932: checking command to parse /usr/bin/nm -B output from gcc object
configure:7028: gcc -c -g -O2  conftest.c >&5
configure:7031: $? = 0
configure:7035: /usr/bin/nm -B conftest.o \| sed -n -e 's/^.*[ 	]\([ABCDGIRSTW][ABCDGIRSTW]*\)[ 	][ 	]*\(\)\([_A-Za-z][_A-Za-z0-9]*\)$/\1 \2\3 \3/p' \> conftest.nm
configure:7038: $? = 0
configure:7090: gcc -o conftest -g -O2   conftest.c conftstm.o >&5
configure:7093: $? = 0
configure:7131: result: ok
configure:7135: checking for objdir
configure:7150: result: .libs
configure:7242: checking for ar
configure:7258: found /usr/bin/ar
configure:7269: result: ar
configure:7338: checking for ranlib
configure:7354: found /usr/bin/ranlib
configure:7365: result: ranlib
configure:7434: checking for strip
configure:7450: found /usr/bin/strip
configure:7461: result: strip
configure:7739: checking if gcc static flag  works
configure:7762: result: yes
configure:7780: checking if gcc supports -fno-rtti -fno-exceptions
configure:7798: gcc -c -g -O2  -fno-rtti -fno-exceptions conftest.c >&5
cc1: warning: command line option "-fno-rtti" is valid for C++/ObjC++ but not for C
configure:7802: $? = 0
configure:7813: result: no
configure:7828: checking for gcc option to produce PIC
configure:8015: result: -fPIC
configure:8023: checking if gcc PIC flag -fPIC works
configure:8041: gcc -c -g -O2  -fPIC -DPIC conftest.c >&5
configure:8045: $? = 0
configure:8056: result: yes
configure:8080: checking if gcc supports -c -o file.o
configure:8101: gcc -c -g -O2  -o out/conftest2.o conftest.c >&5
configure:8105: $? = 0
configure:8125: result: yes
configure:8151: checking whether the gcc linker (/usr/bin/ld) supports shared libraries
configure:9028: result: yes
configure:9054: checking whether -lc should be explicitly linked in
configure:9059: gcc -c -g -O2  conftest.c >&5
configure:9062: $? = 0
configure:9076: gcc -shared conftest.o  -v -Wl,-soname -Wl,conftest -o conftest 2\>\&1 \| grep  -lc  \>/dev/null 2\>\&1
configure:9079: $? = 0
configure:9091: result: no
configure:9099: checking dynamic linker characteristics
configure:9639: result: GNU/Linux ld.so
configure:9643: checking how to hardcode library paths into programs
configure:9668: result: immediate
configure:9682: checking whether stripping libraries is possible
configure:9687: result: yes
configure:10596: checking if libtool supports shared libraries
configure:10598: result: yes
configure:10601: checking whether to build shared libraries
configure:10622: result: yes
configure:10625: checking whether to build static libraries
configure:10629: result: no
configure:10721: creating libtool
configure:11270: checking for ld used by g++
configure:11337: result: /usr/bin/ld
configure:11346: checking if the linker (/usr/bin/ld) is GNU ld
configure:11361: result: yes
configure:11412: checking whether the g++ linker (/usr/bin/ld) supports shared libraries
configure:12307: result: yes
configure:12325: g++ -c -g -O2  conftest.cc >&5
configure:12328: $? = 0
configure:12424: checking for g++ option to produce PIC
configure:12686: result: -fPIC
configure:12694: checking if g++ PIC flag -fPIC works
configure:12712: g++ -c -g -O2  -fPIC -DPIC conftest.cc >&5
configure:12716: $? = 0
configure:12727: result: yes
configure:12751: checking if g++ supports -c -o file.o
configure:12772: g++ -c -g -O2  -o out/conftest2.o conftest.cc >&5
configure:12776: $? = 0
configure:12796: result: yes
configure:12822: checking whether the g++ linker (/usr/bin/ld) supports shared libraries
configure:12847: result: yes
configure:12918: checking dynamic linker characteristics
configure:13458: result: GNU/Linux ld.so
configure:13462: checking how to hardcode library paths into programs
configure:13487: result: immediate
configure:13501: checking whether stripping libraries is possible
configure:13506: result: yes
configure:14892: checking if libtool supports shared libraries
configure:14894: result: yes
configure:14897: checking whether to build shared libraries
configure:14915: result: yes
configure:14918: checking whether to build static libraries
configure:14922: result: no
configure:14934: checking for f77 option to produce PIC
configure:15121: result: -fPIC
configure:15129: checking if f77 PIC flag -fPIC works
configure:15147: f77 -c -g -O2 -fPIC conftest.f >&5
   t:
configure:15151: $? = 0
configure:15162: result: no
configure:15186: checking if f77 supports -c -o file.o
configure:15207: f77 -c -g -O2 -o out/conftest2.o conftest.f >&5
   t:
configure:15211: $? = 0
configure:15231: result: no
configure:15257: checking whether the f77 linker (/usr/bin/ld) supports shared libraries
configure:16114: result: yes
configure:16185: checking dynamic linker characteristics
configure:16725: result: GNU/Linux ld.so
configure:16729: checking how to hardcode library paths into programs
configure:16754: result: immediate
configure:16768: checking whether stripping libraries is possible
configure:16773: result: yes
configure:20976: checking for ANSI C header files
configure:21157: result: yes
configure:21182: checking byteswap.h usability
configure:21199: gcc -c -g -O2  conftest.c >&5
configure:21205: $? = 0
configure:21212: test -z "$ac_c_werror_flag" || test ! -s conftest.err
configure:21215: $? = 0
configure:21222: test -s conftest.o
configure:21225: $? = 0
configure:21236: result: yes
configure:21240: checking byteswap.h presence
configure:21255: gcc -E  conftest.c
configure:21261: $? = 0
configure:21282: result: yes
configure:21310: checking for byteswap.h
configure:21318: result: yes
configure:21332: checking for an ANSI C-conforming const
configure:21407: gcc -c -g -O2  conftest.c >&5
configure:21413: $? = 0
configure:21420: test -z "$ac_c_werror_flag" || test ! -s conftest.err
configure:21423: $? = 0
configure:21430: test -s conftest.o
configure:21433: $? = 0
configure:21445: result: yes
configure:21455: checking for inline
configure:21481: gcc -c -g -O2  conftest.c >&5
configure:21487: $? = 0
configure:21494: test -z "$ac_c_werror_flag" || test ! -s conftest.err
configure:21497: $? = 0
configure:21504: test -s conftest.o
configure:21507: $? = 0
configure:21522: result: inline
configure:21541: checking for size_t
configure:21571: gcc -c -g -O2  conftest.c >&5
configure:21577: $? = 0
configure:21584: test -z "$ac_c_werror_flag" || test ! -s conftest.err
configure:21587: $? = 0
configure:21594: test -s conftest.o
configure:21597: $? = 0
configure:21609: result: yes
configure:21621: checking whether time.h and sys/time.h may both be included
configure:21651: gcc -c -g -O2  conftest.c >&5
configure:21657: $? = 0
configure:21664: test -z "$ac_c_werror_flag" || test ! -s conftest.err
configure:21667: $? = 0
configure:21674: test -s conftest.o
configure:21677: $? = 0
configure:21689: result: yes
configure:21699: checking whether byte ordering is bigendian
configure:21731: gcc -c -g -O2  conftest.c >&5
configure:21737: $? = 0
configure:21744: test -z "$ac_c_werror_flag" || test ! -s conftest.err
configure:21747: $? = 0
configure:21754: test -s conftest.o
configure:21757: $? = 0
configure:21786: gcc -c -g -O2  conftest.c >&5
conftest.c: In function 'main':
conftest.c:31: error: 'not' undeclared (first use in this function)
conftest.c:31: error: (Each undeclared identifier is reported only once
conftest.c:31: error: for each function it appears in.)
conftest.c:31: error: expected ';' before 'big'
configure:21792: $? = 1
configure: failed program was:
| /* confdefs.h.  */
| #define PACKAGE_NAME "openbts"
| #define PACKAGE_TARNAME "openbts"
| #define PACKAGE_VERSION "2.6.0Mamou"
| #define PACKAGE_STRING "openbts 2.6.0Mamou"
| #define PACKAGE_BUGREPORT ""
| #define PACKAGE "openbts"
| #define VERSION "2.6.0Mamou"
| #define STDC_HEADERS 1
| #define HAVE_SYS_TYPES_H 1
| #define HAVE_SYS_STAT_H 1
| #define HAVE_STDLIB_H 1
| #define HAVE_STRING_H 1
| #define HAVE_MEMORY_H 1
| #define HAVE_STRINGS_H 1
| #define HAVE_INTTYPES_H 1
| #define HAVE_STDINT_H 1
| #define HAVE_UNISTD_H 1
| #define HAVE_DLFCN_H 1
| #define STDC_HEADERS 1
| #define HAVE_BYTESWAP_H 1
| #define TIME_WITH_SYS_TIME 1
| /* end confdefs.h.  */
| #include <sys/types.h>
| #include <sys/param.h>
| 
| int
| main ()
| {
| #if BYTE_ORDER != BIG_ENDIAN
|  not big endian
| #endif
| 
|   ;
|   return 0;
| }
configure:21966: result: no
configure:22036: checking for pkg-config
configure:22054: found /usr/bin/pkg-config
configure:22066: result: /usr/bin/pkg-config
configure:22095: checking pkg-config is at least version 0.9.0
configure:22098: result: yes
configure:22109: checking for USRP
configure:22117: $PKG_CONFIG --exists --print-errors "usrp > 3.1"
configure:22120: $? = 0
configure:22135: $PKG_CONFIG --exists --print-errors "usrp > 3.1"
configure:22138: $? = 0
configure:22214: result: yes
configure:22220: $PKG_CONFIG --exists --print-errors "usrp >= 3.2"
configure:22223: $? = 0
configure:22238: $PKG_CONFIG --exists --print-errors "usrp >= 3.3"
configure:22241: $? = 0
configure:22258: checking for OSIP
configure:22266: $PKG_CONFIG --exists --print-errors "libosip2"
configure:22269: $? = 0
configure:22284: $PKG_CONFIG --exists --print-errors "libosip2"
configure:22287: $? = 0
configure:22363: result: yes
configure:22371: checking for ORTP
configure:22379: $PKG_CONFIG --exists --print-errors "ortp"
configure:22382: $? = 0
configure:22397: $PKG_CONFIG --exists --print-errors "ortp"
configure:22400: $? = 0
configure:22476: result: yes
configure:22483: checking for readline in -lreadline
configure:22518: gcc -o conftest -g -O2   conftest.c -lreadline   >&5
configure:22524: $? = 0
configure:22531: test -z "$ac_c_werror_flag" || test ! -s conftest.err
configure:22534: $? = 0
configure:22541: test -s conftest
configure:22544: $? = 0
configure:22558: result: yes
configure:22696: creating ./config.status

## ---------------------- ##
## Running config.status. ##
## ---------------------- ##

This file was extended by openbts config.status 2.6.0Mamou, which was
generated by GNU Autoconf 2.60.  Invocation command line was

  CONFIG_FILES    = 
  CONFIG_HEADERS  = 
  CONFIG_LINKS    = 
  CONFIG_COMMANDS = 
  $ ./config.status 

on mostafa-desktop

config.status:680: creating Makefile
config.status:680: creating apps/Makefile
config.status:680: creating config/Makefile
config.status:680: creating doc/Makefile
config.status:680: creating AsteriskConfig/Makefile
config.status:680: creating CommonLibs/Makefile
config.status:680: creating Globals/Makefile
config.status:680: creating Control/Makefile
config.status:680: creating GSM/Makefile
config.status:680: creating SIP/Makefile
config.status:680: creating SMS/Makefile
config.status:680: creating Transceiver52M/Makefile
config.status:680: creating Transceiver/Makefile
config.status:680: creating TRXManager/Makefile
config.status:680: creating CLI/Makefile
config.status:680: creating HLR/Makefile
config.status:680: creating RRLP/Makefile
config.status:680: creating smqueue/Makefile
config.status:680: creating config.h
config.status:953: executing depfiles commands

## ---------------- ##
## Cache variables. ##
## ---------------- ##

ac_cv_build=i686-pc-linux-gnu
ac_cv_c_bigendian=no
ac_cv_c_compiler_gnu=yes
ac_cv_c_const=yes
ac_cv_c_inline=inline
ac_cv_cxx_compiler_gnu=yes
ac_cv_env_CCASFLAGS_set=
ac_cv_env_CCASFLAGS_value=
ac_cv_env_CCAS_set=
ac_cv_env_CCAS_value=
ac_cv_env_CCC_set=
ac_cv_env_CCC_value=
ac_cv_env_CC_set=
ac_cv_env_CC_value=
ac_cv_env_CFLAGS_set=
ac_cv_env_CFLAGS_value=
ac_cv_env_CPPFLAGS_set=
ac_cv_env_CPPFLAGS_value=
ac_cv_env_CPP_set=
ac_cv_env_CPP_value=
ac_cv_env_CXXCPP_set=
ac_cv_env_CXXCPP_value=
ac_cv_env_CXXFLAGS_set=
ac_cv_env_CXXFLAGS_value=
ac_cv_env_CXX_set=
ac_cv_env_CXX_value=
ac_cv_env_F77_set=
ac_cv_env_F77_value=
ac_cv_env_FFLAGS_set=
ac_cv_env_FFLAGS_value=
ac_cv_env_LDFLAGS_set=
ac_cv_env_LDFLAGS_value=
ac_cv_env_ORTP_CFLAGS_set=
ac_cv_env_ORTP_CFLAGS_value=
ac_cv_env_ORTP_LIBS_set=
ac_cv_env_ORTP_LIBS_value=
ac_cv_env_OSIP_CFLAGS_set=
ac_cv_env_OSIP_CFLAGS_value=
ac_cv_env_OSIP_LIBS_set=
ac_cv_env_OSIP_LIBS_value=
ac_cv_env_PKG_CONFIG_set=
ac_cv_env_PKG_CONFIG_value=
ac_cv_env_USRP_CFLAGS_set=
ac_cv_env_USRP_CFLAGS_value=
ac_cv_env_USRP_LIBS_set=
ac_cv_env_USRP_LIBS_value=
ac_cv_env_build_alias_set=
ac_cv_env_build_alias_value=
ac_cv_env_host_alias_set=
ac_cv_env_host_alias_value=
ac_cv_env_target_alias_set=
ac_cv_env_target_alias_value=
ac_cv_f77_compiler_gnu=yes
ac_cv_header_byteswap_h=yes
ac_cv_header_dlfcn_h=yes
ac_cv_header_inttypes_h=yes
ac_cv_header_memory_h=yes
ac_cv_header_stdc=yes
ac_cv_header_stdint_h=yes
ac_cv_header_stdlib_h=yes
ac_cv_header_string_h=yes
ac_cv_header_strings_h=yes
ac_cv_header_sys_stat_h=yes
ac_cv_header_sys_types_h=yes
ac_cv_header_time=yes
ac_cv_header_unistd_h=yes
ac_cv_host=i686-pc-linux-gnu
ac_cv_lib_readline_readline=yes
ac_cv_objext=o
ac_cv_path_EGREP='/bin/grep -E'
ac_cv_path_GREP=/bin/grep
ac_cv_path_RM_PROG=/bin/rm
ac_cv_path_ac_pt_PKG_CONFIG=/usr/bin/pkg-config
ac_cv_path_install='/usr/bin/install -c'
ac_cv_prog_AWK=mawk
ac_cv_prog_CPP='gcc -E'
ac_cv_prog_CXXCPP='g++ -E'
ac_cv_prog_ac_ct_AR=ar
ac_cv_prog_ac_ct_CC=gcc
ac_cv_prog_ac_ct_CXX=g++
ac_cv_prog_ac_ct_F77=f77
ac_cv_prog_ac_ct_RANLIB=ranlib
ac_cv_prog_ac_ct_STRIP=strip
ac_cv_prog_cc_c89=
ac_cv_prog_cc_g=yes
ac_cv_prog_cxx_g=yes
ac_cv_prog_f77_g=yes
ac_cv_prog_make_make_set=yes
ac_cv_target=i686-pc-linux-gnu
ac_cv_type_size_t=yes
am_cv_CC_dependencies_compiler_type=gcc3
am_cv_CXX_dependencies_compiler_type=gcc3
lt_cv_deplibs_check_method=pass_all
lt_cv_file_magic_cmd='$MAGIC_CMD'
lt_cv_file_magic_test_file=
lt_cv_ld_reload_flag=-r
lt_cv_objdir=.libs
lt_cv_path_LD=/usr/bin/ld
lt_cv_path_LDCXX=/usr/bin/ld
lt_cv_path_NM='/usr/bin/nm -B'
lt_cv_path_SED=/bin/sed
lt_cv_prog_compiler_c_o=yes
lt_cv_prog_compiler_c_o_CXX=yes
lt_cv_prog_compiler_c_o_F77=no
lt_cv_prog_compiler_rtti_exceptions=no
lt_cv_prog_gnu_ld=yes
lt_cv_prog_gnu_ldcxx=yes
lt_cv_sys_global_symbol_pipe='sed -n -e '\''s/^.*[ 	]\([ABCDGIRSTW][ABCDGIRSTW]*\)[ 	][ 	]*\(\)\([_A-Za-z][_A-Za-z0-9]*\)$/\1 \2\3 \3/p'\'''
lt_cv_sys_global_symbol_to_c_name_address='sed -n -e '\''s/^: \([^ ]*\) $/  {\"\1\", (lt_ptr) 0},/p'\'' -e '\''s/^[BCDEGRST] \([^ ]*\) \([^ ]*\)$/  {"\2", (lt_ptr) \&\2},/p'\'''
lt_cv_sys_global_symbol_to_cdecl='sed -n -e '\''s/^. .* \(.*\)$/extern int \1;/p'\'''
lt_cv_sys_max_cmd_len=32768
lt_lt_cv_prog_compiler_c_o='"yes"'
lt_lt_cv_prog_compiler_c_o_CXX='"yes"'
lt_lt_cv_prog_compiler_c_o_F77='"no"'
lt_lt_cv_sys_global_symbol_pipe='"sed -n -e '\''s/^.*[ 	]\\([ABCDGIRSTW][ABCDGIRSTW]*\\)[ 	][ 	]*\\(\\)\\([_A-Za-z][_A-Za-z0-9]*\\)\$/\\1 \\2\\3 \\3/p'\''"'
lt_lt_cv_sys_global_symbol_to_c_name_address='"sed -n -e '\''s/^: \\([^ ]*\\) \$/  {\\\"\\1\\\", (lt_ptr) 0},/p'\'' -e '\''s/^[BCDEGRST] \\([^ ]*\\) \\([^ ]*\\)\$/  {\"\\2\", (lt_ptr) \\&\\2},/p'\''"'
lt_lt_cv_sys_global_symbol_to_cdecl='"sed -n -e '\''s/^. .* \\(.*\\)\$/extern int \\1;/p'\''"'
pkg_cv_ORTP_CFLAGS='-D_REENTRANT -DORTP_INET6  '
pkg_cv_ORTP_LIBS='-lortp -lpthread  '
pkg_cv_OSIP_CFLAGS='-DOSIP_MT -DHAVE_PTHREAD  '
pkg_cv_OSIP_LIBS='-losipparser2 -losip2  '
pkg_cv_USRP_CFLAGS='-I/usr/local/include  '
pkg_cv_USRP_LIBS='-L/usr/local/lib -lusrp -lusb  '

## ----------------- ##
## Output variables. ##
## ----------------- ##

ACLOCAL='${SHELL} /media/Data/Graduation/openbts-2.6.0Mamou/missing --run aclocal-1.9'
AMDEPBACKSLASH='\'
AMDEP_FALSE='#'
AMDEP_TRUE=''
AMTAR='${SHELL} /media/Data/Graduation/openbts-2.6.0Mamou/missing --run tar'
AR='ar'
AS='as'
AUTOCONF='${SHELL} /media/Data/Graduation/openbts-2.6.0Mamou/missing --run autoconf'
AUTOHEADER='${SHELL} /media/Data/Graduation/openbts-2.6.0Mamou/missing --run autoheader'
AUTOMAKE='${SHELL} /media/Data/Graduation/openbts-2.6.0Mamou/missing --run automake-1.9'
AWK='mawk'
CC='gcc'
CCAS='gcc'
CCASFLAGS='-g -O2'
CCDEPMODE='depmode=gcc3'
CFLAGS='-g -O2'
CPP='gcc -E'
CPPFLAGS=''
CXX='g++'
CXXCPP='g++ -E'
CXXDEPMODE='depmode=gcc3'
CXXFLAGS='-g -O2'
CYGPATH_W='echo'
DEFS='-DHAVE_CONFIG_H'
DEPDIR='.deps'
DLLTOOL='dlltool'
ECHO='echo'
ECHO_C=''
ECHO_N='-n'
ECHO_T=''
EGREP='/bin/grep -E'
EXEEXT=''
F77='f77'
FFLAGS='-g -O2'
GREP='/bin/grep'
INSTALL_DATA='${INSTALL} -m 644'
INSTALL_PROGRAM='${INSTALL}'
INSTALL_SCRIPT='${INSTALL}'
INSTALL_STRIP_PROGRAM='${SHELL} $(install_sh) -c -s'
LDFLAGS=''
LIBOBJS=''
LIBS='-lreadline '
LIBTOOL='$(SHELL) $(top_builddir)/libtool'
LN_S='ln -s'
LTLIBOBJS=''
MAKEINFO='${SHELL} /media/Data/Graduation/openbts-2.6.0Mamou/missing --run makeinfo'
OBJDUMP='objdump'
OBJEXT='o'
ORTP_CFLAGS='-D_REENTRANT -DORTP_INET6  '
ORTP_LIBS='-lortp -lpthread  '
OSIP_CFLAGS='-DOSIP_MT -DHAVE_PTHREAD  '
OSIP_LIBS='-losipparser2 -losip2  '
PACKAGE='openbts'
PACKAGE_BUGREPORT=''
PACKAGE_NAME='openbts'
PACKAGE_STRING='openbts 2.6.0Mamou'
PACKAGE_TARNAME='openbts'
PACKAGE_VERSION='2.6.0Mamou'
PATH_SEPARATOR=':'
PKG_CONFIG='/usr/bin/pkg-config'
RANLIB='ranlib'
RM_PROG='/bin/rm'
SET_MAKE=''
SHELL='/bin/bash'
STRIP='strip'
USRP_CFLAGS='-I/usr/local/include  '
USRP_LIBS='-L/usr/local/lib -lusrp -lusb  '
VERSION='2.6.0Mamou'
ac_ct_CC='gcc'
ac_ct_CXX='g++'
ac_ct_F77='f77'
am__fastdepCC_FALSE='#'
am__fastdepCC_TRUE=''
am__fastdepCXX_FALSE='#'
am__fastdepCXX_TRUE=''
am__include='include'
am__leading_dot='.'
am__quote=''
am__tar='${AMTAR} chof - "$$tardir"'
am__untar='${AMTAR} xf -'
bindir='${exec_prefix}/bin'
build='i686-pc-linux-gnu'
build_alias=''
build_cpu='i686'
build_os='linux-gnu'
build_vendor='pc'
datadir='${datarootdir}'
datarootdir='${prefix}/share'
docdir='${datarootdir}/doc/${PACKAGE_TARNAME}'
dvidir='${docdir}'
exec_prefix='${prefix}'
host='i686-pc-linux-gnu'
host_alias=''
host_cpu='i686'
host_os='linux-gnu'
host_vendor='pc'
htmldir='${docdir}'
includedir='${prefix}/include'
infodir='${datarootdir}/info'
install_sh='/media/Data/Graduation/openbts-2.6.0Mamou/install-sh'
libdir='${exec_prefix}/lib'
libexecdir='${exec_prefix}/libexec'
localedir='${datarootdir}/locale'
localstatedir='${prefix}/var'
mandir='${datarootdir}/man'
mkdir_p='mkdir -p --'
oldincludedir='/usr/include'
pdfdir='${docdir}'
prefix='/usr/local'
program_transform_name='s,x,x,'
psdir='${docdir}'
sbindir='${exec_prefix}/sbin'
sharedstatedir='${prefix}/com'
sysconfdir='${prefix}/etc'
target='i686-pc-linux-gnu'
target_alias=''
target_cpu='i686'
target_os='linux-gnu'
target_vendor='pc'

## ----------- ##
## confdefs.h. ##
## ----------- ##

#define PACKAGE_NAME "openbts"
#define PACKAGE_TARNAME "openbts"
#define PACKAGE_VERSION "2.6.0Mamou"
#define PACKAGE_STRING "openbts 2.6.0Mamou"
#define PACKAGE_BUGREPORT ""
#define PACKAGE "openbts"
#define VERSION "2.6.0Mamou"
#define STDC_HEADERS 1
#define HAVE_SYS_TYPES_H 1
#define HAVE_SYS_STAT_H 1
#define HAVE_STDLIB_H 1
#define HAVE_STRING_H 1
#define HAVE_MEMORY_H 1
#define HAVE_STRINGS_H 1
#define HAVE_INTTYPES_H 1
#define HAVE_STDINT_H 1
#define HAVE_UNISTD_H 1
#define HAVE_DLFCN_H 1
#define STDC_HEADERS 1
#define HAVE_BYTESWAP_H 1
#define TIME_WITH_SYS_TIME 1
#define HAVE_LIBUSRP_3_2 1
#define HAVE_LIBUSRP_3_3 1
#define HAVE_LIBREADLINE 1

configure: exit 0
